Determining if the pthread_create exist failed with the following output:
Change Dir: /home/art/art-meta/build/CMakeFiles/CMakeTmp

Run Build Command:/usr/bin/make "cmTryCompileExec2698122067/fast"
/usr/bin/make -f CMakeFiles/cmTryCompileExec2698122067.dir/build.make CMakeFiles/cmTryCompileExec2698122067.dir/build
make[1]: Entering directory `/home/art/art-meta/build/CMakeFiles/CMakeTmp'
/usr/bin/cmake -E cmake_progress_report /home/art/art-meta/build/CMakeFiles/CMakeTmp/CMakeFiles 1
Building C object CMakeFiles/cmTryCompileExec2698122067.dir/CheckSymbolExists.c.o
/usr/bin/cc    -o CMakeFiles/cmTryCompileExec2698122067.dir/CheckSymbolExists.c.o   -c /home/art/art-meta/build/CMakeFiles/CMakeTmp/CheckSymbolExists.c
Linking C executable cmTryCompileExec2698122067
/usr/bin/cmake -E cmake_link_script CMakeFiles/cmTryCompileExec2698122067.dir/link.txt --verbose=1
/usr/bin/cc       CMakeFiles/cmTryCompileExec2698122067.dir/CheckSymbolExists.c.o  -o cmTryCompileExec2698122067 -rdynamic 
CMakeFiles/cmTryCompileExec2698122067.dir/CheckSymbolExists.c.o: In function `main':
CheckSymbolExists.c:(.text+0x16): undefined reference to `pthread_create'
collect2: error: ld returned 1 exit status
make[1]: Leaving directory `/home/art/art-meta/build/CMakeFiles/CMakeTmp'
make[1]: *** [cmTryCompileExec2698122067] Error 1
make: *** [cmTryCompileExec2698122067/fast] Error 2

File /home/art/art-meta/build/CMakeFiles/CMakeTmp/CheckSymbolExists.c:
/* */
#include <pthread.h>

int main(int argc, char** argv)
{
  (void)argv;
#ifndef pthread_create
  return ((int*)(&pthread_create))[argc];
#else
  (void)argc;
  return 0;
#endif
}

Determining if the function pthread_create exists in the pthreads failed with the following output:
Change Dir: /home/art/art-meta/build/CMakeFiles/CMakeTmp

Run Build Command:/usr/bin/make "cmTryCompileExec1876871844/fast"
/usr/bin/make -f CMakeFiles/cmTryCompileExec1876871844.dir/build.make CMakeFiles/cmTryCompileExec1876871844.dir/build
make[1]: Entering directory `/home/art/art-meta/build/CMakeFiles/CMakeTmp'
/usr/bin/cmake -E cmake_progress_report /home/art/art-meta/build/CMakeFiles/CMakeTmp/CMakeFiles 1
Building C object CMakeFiles/cmTryCompileExec1876871844.dir/CheckFunctionExists.c.o
/usr/bin/cc   -DCHECK_FUNCTION_EXISTS=pthread_create   -o CMakeFiles/cmTryCompileExec1876871844.dir/CheckFunctionExists.c.o   -c /usr/share/cmake-2.8/Modules/CheckFunctionExists.c
Linking C executable cmTryCompileExec1876871844
/usr/bin/cmake -E cmake_link_script CMakeFiles/cmTryCompileExec1876871844.dir/link.txt --verbose=1
/usr/bin/cc   -DCHECK_FUNCTION_EXISTS=pthread_create    CMakeFiles/cmTryCompileExec1876871844.dir/CheckFunctionExists.c.o  -o cmTryCompileExec1876871844 -rdynamic -lpthreads 
/usr/bin/ld: cannot find -lpthreads
collect2: error: ld returned 1 exit status
make[1]: Leaving directory `/home/art/art-meta/build/CMakeFiles/CMakeTmp'
make[1]: *** [cmTryCompileExec1876871844] Error 1
make: *** [cmTryCompileExec1876871844/fast] Error 2


Determining if the Q_WS_WIN exist failed with the following output:
Change Dir: /home/art/art-meta/build/CMakeFiles/CMakeTmp

Run Build Command:/usr/bin/make "cmTryCompileExec1025253132/fast"
/usr/bin/make -f CMakeFiles/cmTryCompileExec1025253132.dir/build.make CMakeFiles/cmTryCompileExec1025253132.dir/build
make[1]: Entering directory `/home/art/art-meta/build/CMakeFiles/CMakeTmp'
/usr/bin/cmake -E cmake_progress_report /home/art/art-meta/build/CMakeFiles/CMakeTmp/CMakeFiles 1
Building CXX object CMakeFiles/cmTryCompileExec1025253132.dir/CheckSymbolExists.cxx.o
/usr/bin/c++    -I/usr/include/qt4    -o CMakeFiles/cmTryCompileExec1025253132.dir/CheckSymbolExists.cxx.o -c /home/art/art-meta/build/CMakeFiles/CMakeTmp/CheckSymbolExists.cxx
/home/art/art-meta/build/CMakeFiles/CMakeTmp/CheckSymbolExists.cxx: In function ‘int main(int, char**)’:
/home/art/art-meta/build/CMakeFiles/CMakeTmp/CheckSymbolExists.cxx:8:19: error: ‘Q_WS_WIN’ was not declared in this scope
   return ((int*)(&Q_WS_WIN))[argc];
                   ^
make[1]: Leaving directory `/home/art/art-meta/build/CMakeFiles/CMakeTmp'
make[1]: *** [CMakeFiles/cmTryCompileExec1025253132.dir/CheckSymbolExists.cxx.o] Error 1
make: *** [cmTryCompileExec1025253132/fast] Error 2

File /home/art/art-meta/build/CMakeFiles/CMakeTmp/CheckSymbolExists.cxx:
/* */
#include <QtCore/qglobal.h>

int main(int argc, char** argv)
{
  (void)argv;
#ifndef Q_WS_WIN
  return ((int*)(&Q_WS_WIN))[argc];
#else
  (void)argc;
  return 0;
#endif
}

Determining if the Q_WS_QWS exist failed with the following output:
Change Dir: /home/art/art-meta/build/CMakeFiles/CMakeTmp

Run Build Command:/usr/bin/make "cmTryCompileExec1313478074/fast"
/usr/bin/make -f CMakeFiles/cmTryCompileExec1313478074.dir/build.make CMakeFiles/cmTryCompileExec1313478074.dir/build
make[1]: Entering directory `/home/art/art-meta/build/CMakeFiles/CMakeTmp'
/usr/bin/cmake -E cmake_progress_report /home/art/art-meta/build/CMakeFiles/CMakeTmp/CMakeFiles 1
Building CXX object CMakeFiles/cmTryCompileExec1313478074.dir/CheckSymbolExists.cxx.o
/usr/bin/c++    -I/usr/include/qt4    -o CMakeFiles/cmTryCompileExec1313478074.dir/CheckSymbolExists.cxx.o -c /home/art/art-meta/build/CMakeFiles/CMakeTmp/CheckSymbolExists.cxx
/home/art/art-meta/build/CMakeFiles/CMakeTmp/CheckSymbolExists.cxx: In function ‘int main(int, char**)’:
/home/art/art-meta/build/CMakeFiles/CMakeTmp/CheckSymbolExists.cxx:8:19: error: ‘Q_WS_QWS’ was not declared in this scope
   return ((int*)(&Q_WS_QWS))[argc];
                   ^
make[1]: Leaving directory `/home/art/art-meta/build/CMakeFiles/CMakeTmp'
make[1]: *** [CMakeFiles/cmTryCompileExec1313478074.dir/CheckSymbolExists.cxx.o] Error 1
make: *** [cmTryCompileExec1313478074/fast] Error 2

File /home/art/art-meta/build/CMakeFiles/CMakeTmp/CheckSymbolExists.cxx:
/* */
#include <QtCore/qglobal.h>

int main(int argc, char** argv)
{
  (void)argv;
#ifndef Q_WS_QWS
  return ((int*)(&Q_WS_QWS))[argc];
#else
  (void)argc;
  return 0;
#endif
}

Determining if the Q_WS_MAC exist failed with the following output:
Change Dir: /home/art/art-meta/build/CMakeFiles/CMakeTmp

Run Build Command:/usr/bin/make "cmTryCompileExec2802583501/fast"
/usr/bin/make -f CMakeFiles/cmTryCompileExec2802583501.dir/build.make CMakeFiles/cmTryCompileExec2802583501.dir/build
make[1]: Entering directory `/home/art/art-meta/build/CMakeFiles/CMakeTmp'
/usr/bin/cmake -E cmake_progress_report /home/art/art-meta/build/CMakeFiles/CMakeTmp/CMakeFiles 1
Building CXX object CMakeFiles/cmTryCompileExec2802583501.dir/CheckSymbolExists.cxx.o
/usr/bin/c++    -I/usr/include/qt4    -o CMakeFiles/cmTryCompileExec2802583501.dir/CheckSymbolExists.cxx.o -c /home/art/art-meta/build/CMakeFiles/CMakeTmp/CheckSymbolExists.cxx
/home/art/art-meta/build/CMakeFiles/CMakeTmp/CheckSymbolExists.cxx: In function ‘int main(int, char**)’:
/home/art/art-meta/build/CMakeFiles/CMakeTmp/CheckSymbolExists.cxx:8:19: error: ‘Q_WS_MAC’ was not declared in this scope
   return ((int*)(&Q_WS_MAC))[argc];
                   ^
make[1]: Leaving directory `/home/art/art-meta/build/CMakeFiles/CMakeTmp'
make[1]: *** [CMakeFiles/cmTryCompileExec2802583501.dir/CheckSymbolExists.cxx.o] Error 1
make: *** [cmTryCompileExec2802583501/fast] Error 2

File /home/art/art-meta/build/CMakeFiles/CMakeTmp/CheckSymbolExists.cxx:
/* */
#include <QtCore/qglobal.h>

int main(int argc, char** argv)
{
  (void)argv;
#ifndef Q_WS_MAC
  return ((int*)(&Q_WS_MAC))[argc];
#else
  (void)argc;
  return 0;
#endif
}

